<?xml version="1.0" encoding="UTF-8"?>
<!-- Generated by org.testng.reporters.JUnitReportReporter -->
<testsuite hostname="USE2DEVP00174" failures="0" tests="1" name="com.testCases.TC_LoginTest" time="1.219" errors="0" timestamp="2022-12-02T18:35:40 IST" skipped="0">
  <testcase classname="com.testCases.TC_LoginTest" name="loginTest" time="1.219"/>
  <system-out/>
</testsuite> <!-- com.testCases.TC_LoginTest -->
